Traceback (most recent call last):
  File "/Users/ryotakusakai/opt/anaconda3/envs/jupyterbook/lib/python3.9/site-packages/jupyter_cache/executors/utils.py", line 58, in single_nb_execution
    executenb(
  File "/Users/ryotakusakai/opt/anaconda3/envs/jupyterbook/lib/python3.9/site-packages/nbclient/client.py", line 1204, in execute
    return NotebookClient(nb=nb, resources=resources, km=km, **kwargs).execute()
  File "/Users/ryotakusakai/opt/anaconda3/envs/jupyterbook/lib/python3.9/site-packages/nbclient/util.py", line 84, in wrapped
    return just_run(coro(*args, **kwargs))
  File "/Users/ryotakusakai/opt/anaconda3/envs/jupyterbook/lib/python3.9/site-packages/nbclient/util.py", line 62, in just_run
    return loop.run_until_complete(coro)
  File "/Users/ryotakusakai/opt/anaconda3/envs/jupyterbook/lib/python3.9/asyncio/base_events.py", line 647, in run_until_complete
    return future.result()
  File "/Users/ryotakusakai/opt/anaconda3/envs/jupyterbook/lib/python3.9/site-packages/nbclient/client.py", line 663, in async_execute
    await self.async_execute_cell(
  File "/Users/ryotakusakai/opt/anaconda3/envs/jupyterbook/lib/python3.9/site-packages/nbclient/client.py", line 965, in async_execute_cell
    await self._check_raise_for_error(cell, cell_index, exec_reply)
  File "/Users/ryotakusakai/opt/anaconda3/envs/jupyterbook/lib/python3.9/site-packages/nbclient/client.py", line 862, in _check_raise_for_error
    raise CellExecutionError.from_cell_and_msg(cell, exec_reply_content)
nbclient.exceptions.CellExecutionError: An error occurred while executing the following cell:
------------------
import proplot as pplt
fig, ax = pplt.subplots()

iris= datasets.load_iris()
X = iris.data # ç‰¹å¾´é‡ãƒ‡ãƒ¼ã‚¿


# Extract petal length and petal width
petal_length = X[:, 2]
petal_width = X[:, 3]

# Create a scatter plot using proplot

ax.scatter(petal_length, petal_width)
# Set plot labels and title
ax.set_xlabel('Petal Length (cm)')
ax.set_ylabel('Petal Width (cm)')
------------------

[0;31m---------------------------------------------------------------------------[0m
[0;31mModuleNotFoundError[0m                       Traceback (most recent call last)
Cell [0;32mIn[10], line 1[0m
[0;32m----> 1[0m [38;5;28;01mimport[39;00m [38;5;21;01mproplot[39;00m [38;5;28;01mas[39;00m [38;5;21;01mpplt[39;00m
[1;32m      2[0m fig, ax [38;5;241m=[39m pplt[38;5;241m.[39msubplots()
[1;32m      4[0m iris[38;5;241m=[39m datasets[38;5;241m.[39mload_iris()

[0;31mModuleNotFoundError[0m: No module named 'proplot'
ModuleNotFoundError: No module named 'proplot'

