Traceback (most recent call last):
  File "/Users/ryozawau/anaconda3/envs/jupyterbook/lib/python3.12/site-packages/jupyter_cache/executors/utils.py", line 58, in single_nb_execution
    executenb(
  File "/Users/ryozawau/anaconda3/envs/jupyterbook/lib/python3.12/site-packages/nbclient/client.py", line 1305, in execute
    return NotebookClient(nb=nb, resources=resources, km=km, **kwargs).execute()
           ^^^^^^^^^^^^^^^^^^^^^^^^^^^^^^^^^^^^^^^^^^^^^^^^^^^^^^^^^^^^^^^^^^^^^
  File "/Users/ryozawau/anaconda3/envs/jupyterbook/lib/python3.12/site-packages/jupyter_core/utils/__init__.py", line 165, in wrapped
    return loop.run_until_complete(inner)
           ^^^^^^^^^^^^^^^^^^^^^^^^^^^^^^
  File "/Users/ryozawau/anaconda3/envs/jupyterbook/lib/python3.12/asyncio/base_events.py", line 684, in run_until_complete
    return future.result()
           ^^^^^^^^^^^^^^^
  File "/Users/ryozawau/anaconda3/envs/jupyterbook/lib/python3.12/site-packages/nbclient/client.py", line 705, in async_execute
    await self.async_execute_cell(
  File "/Users/ryozawau/anaconda3/envs/jupyterbook/lib/python3.12/site-packages/nbclient/client.py", line 1058, in async_execute_cell
    await self._check_raise_for_error(cell, cell_index, exec_reply)
  File "/Users/ryozawau/anaconda3/envs/jupyterbook/lib/python3.12/site-packages/nbclient/client.py", line 914, in _check_raise_for_error
    raise CellExecutionError.from_cell_and_msg(cell, exec_reply_content)
nbclient.exceptions.CellExecutionError: An error occurred while executing the following cell:
------------------
net_h2= (0.25)*(0.05)+(0.3)*(0.1)+0.35
print("net_h2={}".format(net_h2))
out_h2 = torch.sigmoid(torch.tensor(net_h2))
print("out_h2={}".format(out_h2))
------------------

----- stdout -----
net_h2=0.39249999999999996
------------------

[0;31m---------------------------------------------------------------------------[0m
[0;31mNameError[0m                                 Traceback (most recent call last)
Cell [0;32mIn[3], line 3[0m
[1;32m      1[0m net_h2[38;5;241m=[39m ([38;5;241m0.25[39m)[38;5;241m*[39m([38;5;241m0.05[39m)[38;5;241m+[39m([38;5;241m0.3[39m)[38;5;241m*[39m([38;5;241m0.1[39m)[38;5;241m+[39m[38;5;241m0.35[39m
[1;32m      2[0m [38;5;28mprint[39m([38;5;124m"[39m[38;5;124mnet_h2=[39m[38;5;132;01m{}[39;00m[38;5;124m"[39m[38;5;241m.[39mformat(net_h2))
[0;32m----> 3[0m out_h2 [38;5;241m=[39m [43mtorch[49m[38;5;241m.[39msigmoid(torch[38;5;241m.[39mtensor(net_h2))
[1;32m      4[0m [38;5;28mprint[39m([38;5;124m"[39m[38;5;124mout_h2=[39m[38;5;132;01m{}[39;00m[38;5;124m"[39m[38;5;241m.[39mformat(out_h2))

[0;31mNameError[0m: name 'torch' is not defined

